Fitter report for plj
Sun Jul 04 14:47:21 2021
Quartus II Version 9.0 Build 132 02/25/2009 SJ Web Edition


---------------------
; Table of Contents ;
---------------------
  1. Legal Notice
  2. Fitter Summary
  3. Fitter Settings
  4. Parallel Compilation
  5. Incremental Compilation Preservation Summary
  6. Incremental Compilation Partition Settings
  7. Incremental Compilation Placement Preservation
  8. Pin-Out File
  9. Fitter Resource Usage Summary
 10. Input Pins
 11. Output Pins
 12. I/O Bank Usage
 13. All Package Pins
 14. Output Pin Default Load For Reported TCO
 15. Fitter Resource Utilization by Entity
 16. Delay Chain Summary
 17. Pad To Core Delay Chain Fanout
 18. Control Signals
 19. Global & Other Fast Signals
 20. Non-Global High Fan-Out Signals
 21. Interconnect Usage Summary
 22. LAB Logic Elements
 23. LAB-wide Signals
 24. LAB Signals Sourced
 25. LAB Signals Sourced Out
 26. LAB Distinct Inputs
 27. Fitter Device Options
 28. Estimated Delay Added for Hold Timing
 29. Fitter Messages



----------------
; Legal Notice ;
----------------
Copyright (C) 1991-2009 Altera Corporation
Your use of Altera Corporation's design tools, logic functions 
and other software and tools, and its AMPP partner logic 
functions, and any output files from any of the foregoing 
(including device programming or simulation files), and any 
associated documentation or information are expressly subject 
to the terms and conditions of the Altera Program License 
Subscription Agreement, Altera MegaCore Function License 
Agreement, or other applicable license agreement, including, 
without limitation, that your use is for the sole purpose of 
programming logic devices manufactured by Altera and sold by 
Altera or its authorized distributors.  Please refer to the 
applicable agreement for further details.



+-----------------------------------------------------------------+
; Fitter Summary                                                  ;
+-----------------------+-----------------------------------------+
; Fitter Status         ; Successful - Sun Jul 04 14:47:21 2021   ;
; Quartus II Version    ; 9.0 Build 132 02/25/2009 SJ Web Edition ;
; Revision Name         ; plj                                     ;
; Top-level Entity Name ; seg7                                    ;
; Family                ; Cyclone                                 ;
; Device                ; EP1C3T144C8                             ;
; Timing Models         ; Final                                   ;
; Total logic elements  ; 35 / 2,910 ( 1 % )                      ;
; Total pins            ; 32 / 104 ( 31 % )                       ;
; Total virtual pins    ; 0                                       ;
; Total memory bits     ; 0 / 59,904 ( 0 % )                      ;
; Total PLLs            ; 0 / 1 ( 0 % )                           ;
+-----------------------+-----------------------------------------+


+--------------------------------------------------------------------------------------------------------------------------------------+
; Fitter Settings                                                                                                                      ;
+--------------------------------------------------------------------+--------------------------------+--------------------------------+
; Option                                                             ; Setting                        ; Default Value                  ;
+--------------------------------------------------------------------+--------------------------------+--------------------------------+
; Device                                                             ; EP1C3T144C8                    ;                                ;
; Fit Attempts to Skip                                               ; 0                              ; 0.0                            ;
; Device I/O Standard                                                ; 3.3-V LVTTL                    ;                                ;
; Use smart compilation                                              ; Off                            ; Off                            ;
; Use TimeQuest Timing Analyzer                                      ; Off                            ; Off                            ;
; Router Timing Optimization Level                                   ; Normal                         ; Normal                         ;
; Placement Effort Multiplier                                        ; 1.0                            ; 1.0                            ;
; Router Effort Multiplier                                           ; 1.0                            ; 1.0                            ;
; Optimize Hold Timing                                               ; IO Paths and Minimum TPD Paths ; IO Paths and Minimum TPD Paths ;
; Optimize Multi-Corner Timing                                       ; Off                            ; Off                            ;
; Optimize Timing                                                    ; Normal compilation             ; Normal compilation             ;
; Optimize Timing for ECOs                                           ; Off                            ; Off                            ;
; Regenerate full fit report during ECO compiles                     ; Off                            ; Off                            ;
; Optimize IOC Register Placement for Timing                         ; On                             ; On                             ;
; Limit to One Fitting Attempt                                       ; Off                            ; Off                            ;
; Final Placement Optimizations                                      ; Automatically                  ; Automatically                  ;
; Fitter Aggressive Routability Optimizations                        ; Automatically                  ; Automatically                  ;
; Fitter Initial Placement Seed                                      ; 1                              ; 1                              ;
; Slow Slew Rate                                                     ; Off                            ; Off                            ;
; PCI I/O                                                            ; Off                            ; Off                            ;
; Weak Pull-Up Resistor                                              ; Off                            ; Off                            ;
; Enable Bus-Hold Circuitry                                          ; Off                            ; Off                            ;
; Auto Global Memory Control Signals                                 ; Off                            ; Off                            ;
; Auto Packed Registers                                              ; Auto                           ; Auto                           ;
; Auto Delay Chains                                                  ; On                             ; On                             ;
; Auto Merge PLLs                                                    ; On                             ; On                             ;
; Perform Physical Synthesis for Combinational Logic for Performance ; Off                            ; Off                            ;
; Perform Register Duplication for Performance                       ; Off                            ; Off                            ;
; Perform Register Retiming for Performance                          ; Off                            ; Off                            ;
; Perform Asynchronous Signal Pipelining                             ; Off                            ; Off                            ;
; Fitter Effort                                                      ; Auto Fit                       ; Auto Fit                       ;
; Physical Synthesis Effort Level                                    ; Normal                         ; Normal                         ;
; Logic Cell Insertion - Logic Duplication                           ; Auto                           ; Auto                           ;
; Auto Register Duplication                                          ; Auto                           ; Auto                           ;
; Auto Global Clock                                                  ; On                             ; On                             ;
; Auto Global Register Control Signals                               ; On                             ; On                             ;
; Stop After Congestion Map Generation                               ; Off                            ; Off                            ;
; Save Intermediate Fitting Results                                  ; Off                            ; Off                            ;
; Force Fitter to Avoid Periphery Placement Warnings                 ; Off                            ; Off                            ;
+--------------------------------------------------------------------+--------------------------------+--------------------------------+


Parallel compilation was disabled, but you have multiple processors available. Enable parallel compilation to reduce compilation time.
+-------------------------------------+
; Parallel Compilation                ;
+----------------------------+--------+
; Processors                 ; Number ;
+----------------------------+--------+
; Number detected on machine ; 2      ;
; Maximum allowed            ; 1      ;
+----------------------------+--------+


+----------------------------------------------+
; Incremental Compilation Preservation Summary ;
+-------------------------+--------------------+
; Type                    ; Value              ;
+-------------------------+--------------------+
; Placement               ;                    ;
;     -- Requested        ; 0 / 67 ( 0.00 % )  ;
;     -- Achieved         ; 0 / 67 ( 0.00 % )  ;
;                         ;                    ;
; Routing (by Connection) ;                    ;
;     -- Requested        ; 0 / 0 ( 0.00 % )   ;
;     -- Achieved         ; 0 / 0 ( 0.00 % )   ;
+-------------------------+--------------------+


+--------------------------------------------------------------------------------------------------------------------------------------------------+
; Incremental Compilation Partition Settings                                                                                                       ;
+----------------+----------------+-------------------+-------------------------+------------------------+------------------------------+----------+
; Partition Name ; Partition Type ; Netlist Type Used ; Preservation Level Used ; Netlist Type Requested ; Preservation Level Requested ; Contents ;
+----------------+----------------+-------------------+-------------------------+------------------------+------------------------------+----------+
; Top            ; User-created   ; Source File       ; N/A                     ; Source File            ; N/A                          ;          ;
+----------------+----------------+-------------------+-------------------------+------------------------+------------------------------+----------+


+--------------------------------------------------------------------------------------------+
; Incremental Compilation Placement Preservation                                             ;
+----------------+---------+-------------------+-------------------------+-------------------+
; Partition Name ; # Nodes ; # Preserved Nodes ; Preservation Level Used ; Netlist Type Used ;
+----------------+---------+-------------------+-------------------------+-------------------+
; Top            ; 67      ; 0                 ; N/A                     ; Source File       ;
+----------------+---------+-------------------+-------------------------+-------------------+


+--------------+
; Pin-Out File ;
+--------------+
The pin-out file can be found in E:/190910930/plj.pin.


+--------------------------------------------------------------------------+
; Fitter Resource Usage Summary                                            ;
+---------------------------------------------+----------------------------+
; Resource                                    ; Usage                      ;
+---------------------------------------------+----------------------------+
; Total logic elements                        ; 35 / 2,910 ( 1 % )         ;
;     -- Combinational with no register       ; 17                         ;
;     -- Register only                        ; 0                          ;
;     -- Combinational with a register        ; 18                         ;
;                                             ;                            ;
; Logic element usage by number of LUT inputs ;                            ;
;     -- 4 input functions                    ; 17                         ;
;     -- 3 input functions                    ; 0                          ;
;     -- 2 input functions                    ; 13                         ;
;     -- 1 input functions                    ; 5                          ;
;     -- 0 input functions                    ; 0                          ;
;                                             ;                            ;
; Logic elements by mode                      ;                            ;
;     -- normal mode                          ; 34                         ;
;     -- arithmetic mode                      ; 1                          ;
;     -- qfbk mode                            ; 0                          ;
;     -- register cascade mode                ; 0                          ;
;     -- synchronous clear/load mode          ; 0                          ;
;     -- asynchronous clear/load mode         ; 0                          ;
;                                             ;                            ;
; Total registers                             ; 18 / 3,210 ( < 1 % )       ;
; Total LABs                                  ; 7 / 291 ( 2 % )            ;
; Logic elements in carry chains              ; 2                          ;
; User inserted logic elements                ; 0                          ;
; Virtual pins                                ; 0                          ;
; I/O pins                                    ; 32 / 104 ( 31 % )          ;
;     -- Clock pins                           ; 1 / 2 ( 50 % )             ;
; Global signals                              ; 5                          ;
; M4Ks                                        ; 0 / 13 ( 0 % )             ;
; Total memory bits                           ; 0 / 59,904 ( 0 % )         ;
; Total RAM block bits                        ; 0 / 59,904 ( 0 % )         ;
; PLLs                                        ; 0 / 1 ( 0 % )              ;
; Global clocks                               ; 5 / 8 ( 63 % )             ;
; JTAGs                                       ; 0 / 1 ( 0 % )              ;
; ASMI Blocks                                 ; 0 / 1 ( 0 % )              ;
; CRC blocks                                  ; 0 / 1 ( 0 % )              ;
; Average interconnect usage (total/H/V)      ; 0% / 1% / 0%               ;
; Peak interconnect usage (total/H/V)         ; 0% / 1% / 0%               ;
; Maximum fan-out node                        ; 74161:inst14|f74161:sub|9  ;
; Maximum fan-out                             ; 11                         ;
; Highest non-global fan-out signal           ; 74161:inst14|f74161:sub|87 ;
; Highest non-global fan-out                  ; 10                         ;
; Total fan-out                               ; 127                        ;
; Average fan-out                             ; 1.84                       ;
+---------------------------------------------+----------------------------+


+------------------------------------------------------------------------------------------------------------------------------------------------------------------------------------------------------------------------------------------------------------+
; Input Pins                                                                                                                                                                                                                                                 ;
+------+-------+----------+--------------+--------------+-------------+-----------------------+--------------------+--------+----------------+---------------+-----------------+----------+--------------+--------------+-------------+----------------------+
; Name ; Pin # ; I/O Bank ; X coordinate ; Y coordinate ; Cell number ; Combinational Fan-Out ; Registered Fan-Out ; Global ; Input Register ; Power Up High ; PCI I/O Enabled ; Bus Hold ; Weak Pull Up ; I/O Standard ; Termination ; Location assigned by ;
+------+-------+----------+--------------+--------------+-------------+-----------------------+--------------------+--------+----------------+---------------+-----------------+----------+--------------+--------------+-------------+----------------------+
; SW1  ; 55    ; 4        ; 16           ; 0            ; 2           ; 1                     ; 0                  ; no     ; no             ; no            ; no              ; no       ; Off          ; 3.3-V LVTTL  ; Off         ; User                 ;
; SW10 ; 68    ; 4        ; 22           ; 0            ; 0           ; 1                     ; 0                  ; no     ; no             ; no            ; no              ; no       ; Off          ; 3.3-V LVTTL  ; Off         ; User                 ;
; SW11 ; 69    ; 4        ; 24           ; 0            ; 1           ; 1                     ; 0                  ; no     ; no             ; no            ; no              ; no       ; Off          ; 3.3-V LVTTL  ; Off         ; User                 ;
; SW12 ; 70    ; 4        ; 24           ; 0            ; 0           ; 1                     ; 0                  ; no     ; no             ; no            ; no              ; no       ; Off          ; 3.3-V LVTTL  ; Off         ; User                 ;
; SW13 ; 71    ; 4        ; 26           ; 0            ; 1           ; 1                     ; 0                  ; no     ; no             ; no            ; no              ; no       ; Off          ; 3.3-V LVTTL  ; Off         ; User                 ;
; SW14 ; 72    ; 4        ; 26           ; 0            ; 0           ; 1                     ; 0                  ; no     ; no             ; no            ; no              ; no       ; Off          ; 3.3-V LVTTL  ; Off         ; User                 ;
; SW15 ; 73    ; 3        ; 27           ; 1            ; 1           ; 1                     ; 0                  ; no     ; no             ; no            ; no              ; no       ; Off          ; 3.3-V LVTTL  ; Off         ; User                 ;
; SW16 ; 74    ; 3        ; 27           ; 1            ; 0           ; 1                     ; 0                  ; no     ; no             ; no            ; no              ; no       ; Off          ; 3.3-V LVTTL  ; Off         ; User                 ;
; SW17 ; 75    ; 3        ; 27           ; 2            ; 1           ; 1                     ; 0                  ; no     ; no             ; no            ; no              ; no       ; Off          ; 3.3-V LVTTL  ; Off         ; User                 ;
; SW18 ; 76    ; 3        ; 27           ; 2            ; 0           ; 1                     ; 0                  ; no     ; no             ; no            ; no              ; no       ; Off          ; 3.3-V LVTTL  ; Off         ; User                 ;
; SW19 ; 77    ; 3        ; 27           ; 3            ; 1           ; 1                     ; 0                  ; no     ; no             ; no            ; no              ; no       ; Off          ; 3.3-V LVTTL  ; Off         ; User                 ;
; SW2  ; 56    ; 4        ; 16           ; 0            ; 1           ; 1                     ; 0                  ; no     ; no             ; no            ; no              ; no       ; Off          ; 3.3-V LVTTL  ; Off         ; User                 ;
; SW20 ; 78    ; 3        ; 27           ; 3            ; 0           ; 1                     ; 0                  ; no     ; no             ; no            ; no              ; no       ; Off          ; 3.3-V LVTTL  ; Off         ; User                 ;
; SW3  ; 57    ; 4        ; 16           ; 0            ; 0           ; 1                     ; 0                  ; no     ; no             ; no            ; no              ; no       ; Off          ; 3.3-V LVTTL  ; Off         ; User                 ;
; SW4  ; 58    ; 4        ; 18           ; 0            ; 1           ; 1                     ; 0                  ; no     ; no             ; no            ; no              ; no       ; Off          ; 3.3-V LVTTL  ; Off         ; User                 ;
; SW5  ; 59    ; 4        ; 18           ; 0            ; 0           ; 1                     ; 0                  ; no     ; no             ; no            ; no              ; no       ; Off          ; 3.3-V LVTTL  ; Off         ; User                 ;
; SW6  ; 60    ; 4        ; 20           ; 0            ; 2           ; 1                     ; 0                  ; no     ; no             ; no            ; no              ; no       ; Off          ; 3.3-V LVTTL  ; Off         ; User                 ;
; SW7  ; 61    ; 4        ; 20           ; 0            ; 1           ; 1                     ; 0                  ; no     ; no             ; no            ; no              ; no       ; Off          ; 3.3-V LVTTL  ; Off         ; User                 ;
; SW8  ; 62    ; 4        ; 20           ; 0            ; 0           ; 1                     ; 0                  ; no     ; no             ; no            ; no              ; no       ; Off          ; 3.3-V LVTTL  ; Off         ; User                 ;
; SW9  ; 67    ; 4        ; 22           ; 0            ; 1           ; 1                     ; 0                  ; no     ; no             ; no            ; no              ; no       ; Off          ; 3.3-V LVTTL  ; Off         ; User                 ;
; osc  ; 16    ; 1        ; 0            ; 8            ; 2           ; 3                     ; 0                  ; yes    ; no             ; no            ; no              ; no       ; Off          ; 3.3-V LVTTL  ; Off         ; User                 ;
+------+-------+----------+--------------+--------------+-------------+-----------------------+--------------------+--------+----------------+---------------+-----------------+----------+--------------+--------------+-------------+----------------------+


+---------------------------------------------------------------------------------------------------------------------------------------------------------------------------------------------------------------------------------------------------------------------------------------------------------+
; Output Pins                                                                                                                                                                                                                                                                                             ;
+------+-------+----------+--------------+--------------+-------------+-----------------+------------------------+---------------+----------------+-----------------+------------+---------------+----------+--------------+--------------+------------------+-------------+----------------------+-------+
; Name ; Pin # ; I/O Bank ; X coordinate ; Y coordinate ; Cell number ; Output Register ; Output Enable Register ; Power Up High ; Slow Slew Rate ; PCI I/O Enabled ; Open Drain ; TRI Primitive ; Bus Hold ; Weak Pull Up ; I/O Standard ; Current Strength ; Termination ; Location assigned by ; Load  ;
+------+-------+----------+--------------+--------------+-------------+-----------------+------------------------+---------------+----------------+-----------------+------------+---------------+----------+--------------+--------------+------------------+-------------+----------------------+-------+
; DE1  ; 41    ; 4        ; 6            ; 0            ; 1           ; no              ; no                     ; no            ; no             ; no              ; no         ; no            ; no       ; Off          ; 3.3-V LVTTL  ; 24mA             ; Off         ; User                 ; 10 pF ;
; DE2  ; 42    ; 4        ; 6            ; 0            ; 0           ; no              ; no                     ; no            ; no             ; no              ; no         ; no            ; no       ; Off          ; 3.3-V LVTTL  ; 24mA             ; Off         ; User                 ; 10 pF ;
; DE3  ; 47    ; 4        ; 8            ; 0            ; 2           ; no              ; no                     ; no            ; no             ; no              ; no         ; no            ; no       ; Off          ; 3.3-V LVTTL  ; 24mA             ; Off         ; User                 ; 10 pF ;
; a    ; 33    ; 1        ; 0            ; 2            ; 0           ; no              ; no                     ; no            ; no             ; no              ; no         ; no            ; no       ; Off          ; 3.3-V LVTTL  ; 24mA             ; Off         ; User                 ; 10 pF ;
; b    ; 34    ; 1        ; 0            ; 2            ; 1           ; no              ; no                     ; no            ; no             ; no              ; no         ; no            ; no       ; Off          ; 3.3-V LVTTL  ; 24mA             ; Off         ; User                 ; 10 pF ;
; c    ; 35    ; 1        ; 0            ; 1            ; 0           ; no              ; no                     ; no            ; no             ; no              ; no         ; no            ; no       ; Off          ; 3.3-V LVTTL  ; 24mA             ; Off         ; User                 ; 10 pF ;
; d    ; 36    ; 1        ; 0            ; 1            ; 1           ; no              ; no                     ; no            ; no             ; no              ; no         ; no            ; no       ; Off          ; 3.3-V LVTTL  ; 24mA             ; Off         ; User                 ; 10 pF ;
; dp   ; 40    ; 4        ; 4            ; 0            ; 0           ; no              ; no                     ; no            ; no             ; no              ; no         ; no            ; no       ; Off          ; 3.3-V LVTTL  ; 24mA             ; Off         ; User                 ; 10 pF ;
; e    ; 37    ; 4        ; 2            ; 0            ; 1           ; no              ; no                     ; no            ; no             ; no              ; no         ; no            ; no       ; Off          ; 3.3-V LVTTL  ; 24mA             ; Off         ; User                 ; 10 pF ;
; f    ; 38    ; 4        ; 2            ; 0            ; 0           ; no              ; no                     ; no            ; no             ; no              ; no         ; no            ; no       ; Off          ; 3.3-V LVTTL  ; 24mA             ; Off         ; User                 ; 10 pF ;
; g    ; 39    ; 4        ; 4            ; 0            ; 1           ; no              ; no                     ; no            ; no             ; no              ; no         ; no            ; no       ; Off          ; 3.3-V LVTTL  ; 24mA             ; Off         ; User                 ; 10 pF ;
+------+-------+----------+--------------+--------------+-------------+-----------------+------------------------+---------------+----------------+-----------------+------------+---------------+----------+--------------+--------------+------------------+-------------+----------------------+-------+


+------------------------------------------------------------+
; I/O Bank Usage                                             ;
+----------+------------------+---------------+--------------+
; I/O Bank ; Usage            ; VCCIO Voltage ; VREF Voltage ;
+----------+------------------+---------------+--------------+
; 1        ; 7 / 22 ( 32 % )  ; 3.3V          ; --           ;
; 2        ; 0 / 28 ( 0 % )   ; 3.3V          ; --           ;
; 3        ; 6 / 26 ( 23 % )  ; 3.3V          ; --           ;
; 4        ; 21 / 28 ( 75 % ) ; 3.3V          ; --           ;
+----------+------------------+---------------+--------------+


+------------------------------------------------------------------------------------------------------------------------------------------------------------------------+
; All Package Pins                                                                                                                                                       ;
+----------+------------+----------+------------------------------------------+--------+--------------+---------+------------+-----------------+----------+--------------+
; Location ; Pad Number ; I/O Bank ; Pin Name/Usage                           ; Dir.   ; I/O Standard ; Voltage ; I/O Type   ; User Assignment ; Bus Hold ; Weak Pull Up ;
+----------+------------+----------+------------------------------------------+--------+--------------+---------+------------+-----------------+----------+--------------+
; 1        ; 0          ; 1        ; GND*                                     ;        ;              ;         ; Row I/O    ;                 ; no       ; Off          ;
; 2        ; 1          ; 1        ; GND*                                     ;        ;              ;         ; Row I/O    ;                 ; no       ; Off          ;
; 3        ; 2          ; 1        ; GND*                                     ;        ;              ;         ; Row I/O    ;                 ; no       ; Off          ;
; 4        ; 3          ; 1        ; GND*                                     ;        ;              ;         ; Row I/O    ;                 ; no       ; Off          ;
; 5        ; 4          ; 1        ; GND*                                     ;        ;              ;         ; Row I/O    ;                 ; no       ; Off          ;
; 6        ; 5          ; 1        ; GND*                                     ;        ;              ;         ; Row I/O    ;                 ; no       ; Off          ;
; 7        ; 6          ; 1        ; GND*                                     ;        ;              ;         ; Row I/O    ;                 ; no       ; Off          ;
; 8        ;            ; 1        ; VCCIO1                                   ; power  ;              ; 3.3V    ; --         ;                 ; --       ; --           ;
; 9        ;            ;          ; GND                                      ; gnd    ;              ;         ; --         ;                 ; --       ; --           ;
; 10       ; 7          ; 1        ; GND*                                     ;        ;              ;         ; Row I/O    ;                 ; no       ; Off          ;
; 11       ; 8          ; 1        ; GND*                                     ;        ;              ;         ; Row I/O    ;                 ; no       ; Off          ;
; 12       ; 9          ; 1        ; ~nCSO~ / RESERVED_INPUT_WITH_WEAK_PULLUP ; input  ; 3.3-V LVTTL  ;         ; Row I/O    ; N               ; no       ; On           ;
; 13       ; 10         ; 1        ; ^DATA0                                   ; input  ;              ;         ; --         ;                 ; --       ; --           ;
; 14       ; 11         ; 1        ; ^nCONFIG                                 ;        ;              ;         ; --         ;                 ; --       ; --           ;
; 15       ;            ;          ; VCCA_PLL1                                ; power  ;              ; 1.5V    ; --         ;                 ; --       ; --           ;
; 16       ; 12         ; 1        ; osc                                      ; input  ; 3.3-V LVTTL  ;         ; Row I/O    ; Y               ; no       ; Off          ;
; 17       ; 13         ; 1        ; GND+                                     ;        ;              ;         ; Row I/O    ;                 ; --       ; --           ;
; 18       ;            ;          ; GNDA_PLL1                                ; gnd    ;              ;         ; --         ;                 ; --       ; --           ;
; 19       ;            ;          ; GNDG_PLL1                                ; gnd    ;              ;         ; --         ;                 ; --       ; --           ;
; 20       ; 14         ; 1        ; ^nCEO                                    ;        ;              ;         ; --         ;                 ; --       ; --           ;
; 21       ; 15         ; 1        ; ^nCE                                     ;        ;              ;         ; --         ;                 ; --       ; --           ;
; 22       ; 16         ; 1        ; ^MSEL0                                   ;        ;              ;         ; --         ;                 ; --       ; --           ;
; 23       ; 17         ; 1        ; ^MSEL1                                   ;        ;              ;         ; --         ;                 ; --       ; --           ;
; 24       ; 18         ; 1        ; ^DCLK                                    ; bidir  ;              ;         ; --         ;                 ; --       ; --           ;
; 25       ; 19         ; 1        ; ~ASDO~ / RESERVED_INPUT_WITH_WEAK_PULLUP ; input  ; 3.3-V LVTTL  ;         ; Row I/O    ; N               ; no       ; On           ;
; 26       ; 20         ; 1        ; GND*                                     ;        ;              ;         ; Row I/O    ;                 ; no       ; Off          ;
; 27       ; 21         ; 1        ; GND*                                     ;        ;              ;         ; Row I/O    ;                 ; no       ; Off          ;
; 28       ; 22         ; 1        ; GND*                                     ;        ;              ;         ; Row I/O    ;                 ; no       ; Off          ;
; 29       ;            ; 1        ; VCCIO1                                   ; power  ;              ; 3.3V    ; --         ;                 ; --       ; --           ;
; 30       ;            ;          ; GND                                      ; gnd    ;              ;         ; --         ;                 ; --       ; --           ;
; 31       ; 23         ; 1        ; GND*                                     ;        ;              ;         ; Row I/O    ;                 ; no       ; Off          ;
; 32       ; 24         ; 1        ; GND*                                     ;        ;              ;         ; Row I/O    ;                 ; no       ; Off          ;
; 33       ; 25         ; 1        ; a                                        ; output ; 3.3-V LVTTL  ;         ; Row I/O    ; Y               ; no       ; Off          ;
; 34       ; 26         ; 1        ; b                                        ; output ; 3.3-V LVTTL  ;         ; Row I/O    ; Y               ; no       ; Off          ;
; 35       ; 27         ; 1        ; c                                        ; output ; 3.3-V LVTTL  ;         ; Row I/O    ; Y               ; no       ; Off          ;
; 36       ; 28         ; 1        ; d                                        ; output ; 3.3-V LVTTL  ;         ; Row I/O    ; Y               ; no       ; Off          ;
; 37       ; 29         ; 4        ; e                                        ; output ; 3.3-V LVTTL  ;         ; Column I/O ; Y               ; no       ; Off          ;
; 38       ; 30         ; 4        ; f                                        ; output ; 3.3-V LVTTL  ;         ; Column I/O ; Y               ; no       ; Off          ;
; 39       ; 31         ; 4        ; g                                        ; output ; 3.3-V LVTTL  ;         ; Column I/O ; Y               ; no       ; Off          ;
; 40       ; 32         ; 4        ; dp                                       ; output ; 3.3-V LVTTL  ;         ; Column I/O ; Y               ; no       ; Off          ;
; 41       ; 33         ; 4        ; DE1                                      ; output ; 3.3-V LVTTL  ;         ; Column I/O ; Y               ; no       ; Off          ;
; 42       ; 34         ; 4        ; DE2                                      ; output ; 3.3-V LVTTL  ;         ; Column I/O ; Y               ; no       ; Off          ;
; 43       ;            ;          ; GND                                      ; gnd    ;              ;         ; --         ;                 ; --       ; --           ;
; 44       ;            ; 4        ; VCCIO4                                   ; power  ;              ; 3.3V    ; --         ;                 ; --       ; --           ;
; 45       ;            ;          ; GND                                      ; gnd    ;              ;         ; --         ;                 ; --       ; --           ;
; 46       ;            ;          ; VCCINT                                   ; power  ;              ; 1.5V    ; --         ;                 ; --       ; --           ;
; 47       ; 35         ; 4        ; DE3                                      ; output ; 3.3-V LVTTL  ;         ; Column I/O ; Y               ; no       ; Off          ;
; 48       ; 36         ; 4        ; GND*                                     ;        ;              ;         ; Column I/O ;                 ; no       ; Off          ;
; 49       ; 37         ; 4        ; GND*                                     ;        ;              ;         ; Column I/O ;                 ; no       ; Off          ;
; 50       ; 38         ; 4        ; GND*                                     ;        ;              ;         ; Column I/O ;                 ; no       ; Off          ;
; 51       ; 39         ; 4        ; GND*                                     ;        ;              ;         ; Column I/O ;                 ; no       ; Off          ;
; 52       ; 40         ; 4        ; GND*                                     ;        ;              ;         ; Column I/O ;                 ; no       ; Off          ;
; 53       ; 41         ; 4        ; GND*                                     ;        ;              ;         ; Column I/O ;                 ; no       ; Off          ;
; 54       ; 42         ; 4        ; GND*                                     ;        ;              ;         ; Column I/O ;                 ; no       ; Off          ;
; 55       ; 43         ; 4        ; SW1                                      ; input  ; 3.3-V LVTTL  ;         ; Column I/O ; Y               ; no       ; Off          ;
; 56       ; 44         ; 4        ; SW2                                      ; input  ; 3.3-V LVTTL  ;         ; Column I/O ; Y               ; no       ; Off          ;
; 57       ; 45         ; 4        ; SW3                                      ; input  ; 3.3-V LVTTL  ;         ; Column I/O ; Y               ; no       ; Off          ;
; 58       ; 46         ; 4        ; SW4                                      ; input  ; 3.3-V LVTTL  ;         ; Column I/O ; Y               ; no       ; Off          ;
; 59       ; 47         ; 4        ; SW5                                      ; input  ; 3.3-V LVTTL  ;         ; Column I/O ; Y               ; no       ; Off          ;
; 60       ; 48         ; 4        ; SW6                                      ; input  ; 3.3-V LVTTL  ;         ; Column I/O ; Y               ; no       ; Off          ;
; 61       ; 49         ; 4        ; SW7                                      ; input  ; 3.3-V LVTTL  ;         ; Column I/O ; Y               ; no       ; Off          ;
; 62       ; 50         ; 4        ; SW8                                      ; input  ; 3.3-V LVTTL  ;         ; Column I/O ; Y               ; no       ; Off          ;
; 63       ;            ;          ; GND                                      ; gnd    ;              ;         ; --         ;                 ; --       ; --           ;
; 64       ;            ;          ; VCCINT                                   ; power  ;              ; 1.5V    ; --         ;                 ; --       ; --           ;
; 65       ;            ;          ; GND                                      ; gnd    ;              ;         ; --         ;                 ; --       ; --           ;
; 66       ;            ; 4        ; VCCIO4                                   ; power  ;              ; 3.3V    ; --         ;                 ; --       ; --           ;
; 67       ; 51         ; 4        ; SW9                                      ; input  ; 3.3-V LVTTL  ;         ; Column I/O ; Y               ; no       ; Off          ;
; 68       ; 52         ; 4        ; SW10                                     ; input  ; 3.3-V LVTTL  ;         ; Column I/O ; Y               ; no       ; Off          ;
; 69       ; 53         ; 4        ; SW11                                     ; input  ; 3.3-V LVTTL  ;         ; Column I/O ; Y               ; no       ; Off          ;
; 70       ; 54         ; 4        ; SW12                                     ; input  ; 3.3-V LVTTL  ;         ; Column I/O ; Y               ; no       ; Off          ;
; 71       ; 55         ; 4        ; SW13                                     ; input  ; 3.3-V LVTTL  ;         ; Column I/O ; Y               ; no       ; Off          ;
; 72       ; 56         ; 4        ; SW14                                     ; input  ; 3.3-V LVTTL  ;         ; Column I/O ; Y               ; no       ; Off          ;
; 73       ; 57         ; 3        ; SW15                                     ; input  ; 3.3-V LVTTL  ;         ; Row I/O    ; Y               ; no       ; Off          ;
; 74       ; 58         ; 3        ; SW16                                     ; input  ; 3.3-V LVTTL  ;         ; Row I/O    ; Y               ; no       ; Off          ;
; 75       ; 59         ; 3        ; SW17                                     ; input  ; 3.3-V LVTTL  ;         ; Row I/O    ; Y               ; no       ; Off          ;
; 76       ; 60         ; 3        ; SW18                                     ; input  ; 3.3-V LVTTL  ;         ; Row I/O    ; Y               ; no       ; Off          ;
; 77       ; 61         ; 3        ; SW19                                     ; input  ; 3.3-V LVTTL  ;         ; Row I/O    ; Y               ; no       ; Off          ;
; 78       ; 62         ; 3        ; SW20                                     ; input  ; 3.3-V LVTTL  ;         ; Row I/O    ; Y               ; no       ; Off          ;
; 79       ; 63         ; 3        ; GND*                                     ;        ;              ;         ; Row I/O    ;                 ; no       ; Off          ;
; 80       ;            ;          ; GND                                      ; gnd    ;              ;         ; --         ;                 ; --       ; --           ;
; 81       ;            ; 3        ; VCCIO3                                   ; power  ;              ; 3.3V    ; --         ;                 ; --       ; --           ;
; 82       ; 64         ; 3        ; GND*                                     ;        ;              ;         ; Row I/O    ;                 ; no       ; Off          ;
; 83       ; 65         ; 3        ; GND*                                     ;        ;              ;         ; Row I/O    ;                 ; no       ; Off          ;
; 84       ; 66         ; 3        ; GND*                                     ;        ;              ;         ; Row I/O    ;                 ; no       ; Off          ;
; 85       ; 67         ; 3        ; GND*                                     ;        ;              ;         ; Row I/O    ;                 ; no       ; Off          ;
; 86       ; 68         ; 3        ; ^CONF_DONE                               ;        ;              ;         ; --         ;                 ; --       ; --           ;
; 87       ; 69         ; 3        ; ^nSTATUS                                 ;        ;              ;         ; --         ;                 ; --       ; --           ;
; 88       ; 70         ; 3        ; #TCK                                     ; input  ;              ;         ; --         ;                 ; --       ; --           ;
; 89       ; 71         ; 3        ; #TMS                                     ; input  ;              ;         ; --         ;                 ; --       ; --           ;
; 90       ; 72         ; 3        ; #TDO                                     ; output ;              ;         ; --         ;                 ; --       ; --           ;
; 91       ; 73         ; 3        ; GND*                                     ;        ;              ;         ; Row I/O    ;                 ; no       ; Off          ;
; 92       ; 74         ; 3        ; GND+                                     ;        ;              ;         ; Row I/O    ;                 ; --       ; --           ;
; 93       ; 75         ; 3        ; GND+                                     ;        ;              ;         ; Row I/O    ;                 ; --       ; --           ;
; 94       ; 76         ; 3        ; GND*                                     ;        ;              ;         ; Row I/O    ;                 ; no       ; Off          ;
; 95       ; 77         ; 3        ; #TDI                                     ; input  ;              ;         ; --         ;                 ; --       ; --           ;
; 96       ; 78         ; 3        ; GND*                                     ;        ;              ;         ; Row I/O    ;                 ; no       ; Off          ;
; 97       ; 79         ; 3        ; GND*                                     ;        ;              ;         ; Row I/O    ;                 ; no       ; Off          ;
; 98       ; 80         ; 3        ; GND*                                     ;        ;              ;         ; Row I/O    ;                 ; no       ; Off          ;
; 99       ; 81         ; 3        ; GND*                                     ;        ;              ;         ; Row I/O    ;                 ; no       ; Off          ;
; 100      ; 82         ; 3        ; GND*                                     ;        ;              ;         ; Row I/O    ;                 ; no       ; Off          ;
; 101      ;            ;          ; GND                                      ; gnd    ;              ;         ; --         ;                 ; --       ; --           ;
; 102      ;            ; 3        ; VCCIO3                                   ; power  ;              ; 3.3V    ; --         ;                 ; --       ; --           ;
; 103      ; 83         ; 3        ; GND*                                     ;        ;              ;         ; Row I/O    ;                 ; no       ; Off          ;
; 104      ; 84         ; 3        ; GND*                                     ;        ;              ;         ; Row I/O    ;                 ; no       ; Off          ;
; 105      ; 85         ; 3        ; GND*                                     ;        ;              ;         ; Row I/O    ;                 ; no       ; Off          ;
; 106      ; 86         ; 3        ; GND*                                     ;        ;              ;         ; Row I/O    ;                 ; no       ; Off          ;
; 107      ; 87         ; 3        ; GND*                                     ;        ;              ;         ; Row I/O    ;                 ; no       ; Off          ;
; 108      ; 88         ; 3        ; GND*                                     ;        ;              ;         ; Row I/O    ;                 ; no       ; Off          ;
; 109      ; 89         ; 2        ; GND*                                     ;        ;              ;         ; Column I/O ;                 ; no       ; Off          ;
; 110      ; 90         ; 2        ; GND*                                     ;        ;              ;         ; Column I/O ;                 ; no       ; Off          ;
; 111      ; 91         ; 2        ; GND*                                     ;        ;              ;         ; Column I/O ;                 ; no       ; Off          ;
; 112      ; 92         ; 2        ; GND*                                     ;        ;              ;         ; Column I/O ;                 ; no       ; Off          ;
; 113      ; 93         ; 2        ; GND*                                     ;        ;              ;         ; Column I/O ;                 ; no       ; Off          ;
; 114      ; 94         ; 2        ; GND*                                     ;        ;              ;         ; Column I/O ;                 ; no       ; Off          ;
; 115      ;            ; 2        ; VCCIO2                                   ; power  ;              ; 3.3V    ; --         ;                 ; --       ; --           ;
; 116      ;            ;          ; GND                                      ; gnd    ;              ;         ; --         ;                 ; --       ; --           ;
; 117      ;            ;          ; VCCINT                                   ; power  ;              ; 1.5V    ; --         ;                 ; --       ; --           ;
; 118      ;            ;          ; GND                                      ; gnd    ;              ;         ; --         ;                 ; --       ; --           ;
; 119      ; 95         ; 2        ; GND*                                     ;        ;              ;         ; Column I/O ;                 ; no       ; Off          ;
; 120      ; 96         ; 2        ; GND*                                     ;        ;              ;         ; Column I/O ;                 ; no       ; Off          ;
; 121      ; 97         ; 2        ; GND*                                     ;        ;              ;         ; Column I/O ;                 ; no       ; Off          ;
; 122      ; 98         ; 2        ; GND*                                     ;        ;              ;         ; Column I/O ;                 ; no       ; Off          ;
; 123      ; 99         ; 2        ; GND*                                     ;        ;              ;         ; Column I/O ;                 ; no       ; Off          ;
; 124      ; 100        ; 2        ; GND*                                     ;        ;              ;         ; Column I/O ;                 ; no       ; Off          ;
; 125      ; 101        ; 2        ; GND*                                     ;        ;              ;         ; Column I/O ;                 ; no       ; Off          ;
; 126      ; 102        ; 2        ; GND*                                     ;        ;              ;         ; Column I/O ;                 ; no       ; Off          ;
; 127      ; 103        ; 2        ; GND*                                     ;        ;              ;         ; Column I/O ;                 ; no       ; Off          ;
; 128      ; 104        ; 2        ; GND*                                     ;        ;              ;         ; Column I/O ;                 ; no       ; Off          ;
; 129      ; 105        ; 2        ; GND*                                     ;        ;              ;         ; Column I/O ;                 ; no       ; Off          ;
; 130      ; 106        ; 2        ; GND*                                     ;        ;              ;         ; Column I/O ;                 ; no       ; Off          ;
; 131      ; 107        ; 2        ; GND*                                     ;        ;              ;         ; Column I/O ;                 ; no       ; Off          ;
; 132      ; 108        ; 2        ; GND*                                     ;        ;              ;         ; Column I/O ;                 ; no       ; Off          ;
; 133      ; 109        ; 2        ; GND*                                     ;        ;              ;         ; Column I/O ;                 ; no       ; Off          ;
; 134      ; 110        ; 2        ; GND*                                     ;        ;              ;         ; Column I/O ;                 ; no       ; Off          ;
; 135      ;            ;          ; VCCINT                                   ; power  ;              ; 1.5V    ; --         ;                 ; --       ; --           ;
; 136      ;            ;          ; GND                                      ; gnd    ;              ;         ; --         ;                 ; --       ; --           ;
; 137      ;            ; 2        ; VCCIO2                                   ; power  ;              ; 3.3V    ; --         ;                 ; --       ; --           ;
; 138      ;            ;          ; GND                                      ; gnd    ;              ;         ; --         ;                 ; --       ; --           ;
; 139      ; 111        ; 2        ; GND*                                     ;        ;              ;         ; Column I/O ;                 ; no       ; Off          ;
; 140      ; 112        ; 2        ; GND*                                     ;        ;              ;         ; Column I/O ;                 ; no       ; Off          ;
; 141      ; 113        ; 2        ; GND*                                     ;        ;              ;         ; Column I/O ;                 ; no       ; Off          ;
; 142      ; 114        ; 2        ; GND*                                     ;        ;              ;         ; Column I/O ;                 ; no       ; Off          ;
; 143      ; 115        ; 2        ; GND*                                     ;        ;              ;         ; Column I/O ;                 ; no       ; Off          ;
; 144      ; 116        ; 2        ; GND*                                     ;        ;              ;         ; Column I/O ;                 ; no       ; Off          ;
+----------+------------+----------+------------------------------------------+--------+--------------+---------+------------+-----------------+----------+--------------+
Note: Pin directions (input, output or bidir) are based on device operating in user mode.


+------------------------------------------------------------------+
; Output Pin Default Load For Reported TCO                         ;
+---------------------+-------+------------------------------------+
; I/O Standard        ; Load  ; Termination Resistance             ;
+---------------------+-------+------------------------------------+
; 3.3-V LVTTL         ; 10 pF ; Not Available                      ;
; 3.3-V LVCMOS        ; 10 pF ; Not Available                      ;
; 2.5 V               ; 10 pF ; Not Available                      ;
; 1.8 V               ; 10 pF ; Not Available                      ;
; 1.5 V               ; 10 pF ; Not Available                      ;
; SSTL-3 Class I      ; 30 pF ; 50 Ohm (Parallel), 25 Ohm (Serial) ;
; SSTL-3 Class II     ; 30 pF ; 25 Ohm (Parallel), 25 Ohm (Serial) ;
; SSTL-2 Class I      ; 30 pF ; 50 Ohm (Parallel), 25 Ohm (Serial) ;
; SSTL-2 Class II     ; 30 pF ; 25 Ohm (Parallel), 25 Ohm (Serial) ;
; Differential SSTL-2 ; 10 pF ; (See SSTL-2)                       ;
; LVDS                ; 4 pF  ; 100 Ohm (Differential)             ;
; RSDS                ; 10 pF ; 100 Ohm (Differential)             ;
+---------------------+-------+------------------------------------+
Note: User assignments will override these defaults. The user specified values are listed in the Output Pins and Bidir Pins tables.


+----------------------------------------------------------------------------------------------------------------------------------------------------------------------------------------------------------------------------------------+
; Fitter Resource Utilization by Entity                                                                                                                                                                                                  ;
+----------------------------+-------------+--------------+-------------+------+------+--------------+--------------+-------------------+------------------+-----------------+------------+-------------------------------+--------------+
; Compilation Hierarchy Node ; Logic Cells ; LC Registers ; Memory Bits ; M4Ks ; Pins ; Virtual Pins ; LUT-Only LCs ; Register-Only LCs ; LUT/Register LCs ; Carry Chain LCs ; Packed LCs ; Full Hierarchy Name           ; Library Name ;
+----------------------------+-------------+--------------+-------------+------+------+--------------+--------------+-------------------+------------------+-----------------+------------+-------------------------------+--------------+
; |seg7                      ; 35 (0)      ; 18           ; 0           ; 0    ; 32   ; 0            ; 17 (0)       ; 0 (0)             ; 18 (0)           ; 2 (0)           ; 0 (0)      ; |seg7                         ; work         ;
;    |74153M:inst10|         ; 2 (2)       ; 0            ; 0           ; 0    ; 0    ; 0            ; 2 (2)        ; 0 (0)             ; 0 (0)            ; 0 (0)           ; 0 (0)      ; |seg7|74153M:inst10           ; work         ;
;    |74153M:inst11|         ; 2 (2)       ; 0            ; 0           ; 0    ; 0    ; 0            ; 2 (2)        ; 0 (0)             ; 0 (0)            ; 0 (0)           ; 0 (0)      ; |seg7|74153M:inst11           ; work         ;
;    |74153M:inst12|         ; 2 (2)       ; 0            ; 0           ; 0    ; 0    ; 0            ; 2 (2)        ; 0 (0)             ; 0 (0)            ; 0 (0)           ; 0 (0)      ; |seg7|74153M:inst12           ; work         ;
;    |74153M:inst3|          ; 2 (2)       ; 0            ; 0           ; 0    ; 0    ; 0            ; 2 (2)        ; 0 (0)             ; 0 (0)            ; 0 (0)           ; 0 (0)      ; |seg7|74153M:inst3            ; work         ;
;    |74153M:inst5|          ; 2 (2)       ; 0            ; 0           ; 0    ; 0    ; 0            ; 2 (2)        ; 0 (0)             ; 0 (0)            ; 0 (0)           ; 0 (0)      ; |seg7|74153M:inst5            ; work         ;
;    |74161:inst14|          ; 2 (0)       ; 2            ; 0           ; 0    ; 0    ; 0            ; 0 (0)        ; 0 (0)             ; 2 (0)            ; 2 (0)           ; 0 (0)      ; |seg7|74161:inst14            ; work         ;
;       |f74161:sub|         ; 2 (2)       ; 2            ; 0           ; 0    ; 0    ; 0            ; 0 (0)        ; 0 (0)             ; 2 (2)            ; 2 (2)           ; 0 (0)      ; |seg7|74161:inst14|f74161:sub ; work         ;
;    |7seg:inst|             ; 7 (7)       ; 0            ; 0           ; 0    ; 0    ; 0            ; 7 (7)        ; 0 (0)             ; 0 (0)            ; 0 (0)           ; 0 (0)      ; |seg7|7seg:inst               ; work         ;
;    |div8:inst4|            ; 16 (0)      ; 16           ; 0           ; 0    ; 0    ; 0            ; 0 (0)        ; 0 (0)             ; 16 (0)           ; 0 (0)           ; 0 (0)      ; |seg7|div8:inst4              ; work         ;
;       |7490:inst1|         ; 4 (4)       ; 4            ; 0           ; 0    ; 0    ; 0            ; 0 (0)        ; 0 (0)             ; 4 (4)            ; 0 (0)           ; 0 (0)      ; |seg7|div8:inst4|7490:inst1   ; work         ;
;       |7490:inst2|         ; 4 (4)       ; 4            ; 0           ; 0    ; 0    ; 0            ; 0 (0)        ; 0 (0)             ; 4 (4)            ; 0 (0)           ; 0 (0)      ; |seg7|div8:inst4|7490:inst2   ; work         ;
;       |7490:inst3|         ; 4 (4)       ; 4            ; 0           ; 0    ; 0    ; 0            ; 0 (0)        ; 0 (0)             ; 4 (4)            ; 0 (0)           ; 0 (0)      ; |seg7|div8:inst4|7490:inst3   ; work         ;
;       |7490:inst|          ; 4 (4)       ; 4            ; 0           ; 0    ; 0    ; 0            ; 0 (0)        ; 0 (0)             ; 4 (4)            ; 0 (0)           ; 0 (0)      ; |seg7|div8:inst4|7490:inst    ; work         ;
+----------------------------+-------------+--------------+-------------+------+------+--------------+--------------+-------------------+------------------+-----------------+------------+-------------------------------+--------------+
Note: For table entries with two numbers listed, the numbers in parentheses indicate the number of resources of the given type used by the specific entity alone. The numbers listed outside of parentheses indicate the total resources of the given type used by the specific entity and all of its sub-entities in the hierarchy.


+-------------------------------------------------------------------------------+
; Delay Chain Summary                                                           ;
+------+----------+---------------+---------------+-----------------------+-----+
; Name ; Pin Type ; Pad to Core 0 ; Pad to Core 1 ; Pad to Input Register ; TCO ;
+------+----------+---------------+---------------+-----------------------+-----+
; dp   ; Output   ; --            ; --            ; --                    ; --  ;
; a    ; Output   ; --            ; --            ; --                    ; --  ;
; b    ; Output   ; --            ; --            ; --                    ; --  ;
; c    ; Output   ; --            ; --            ; --                    ; --  ;
; e    ; Output   ; --            ; --            ; --                    ; --  ;
; d    ; Output   ; --            ; --            ; --                    ; --  ;
; f    ; Output   ; --            ; --            ; --                    ; --  ;
; g    ; Output   ; --            ; --            ; --                    ; --  ;
; DE1  ; Output   ; --            ; --            ; --                    ; --  ;
; DE2  ; Output   ; --            ; --            ; --                    ; --  ;
; DE3  ; Output   ; --            ; --            ; --                    ; --  ;
; SW19 ; Input    ; ON            ; ON            ; --                    ; --  ;
; SW18 ; Input    ; ON            ; ON            ; --                    ; --  ;
; SW17 ; Input    ; ON            ; ON            ; --                    ; --  ;
; SW20 ; Input    ; ON            ; ON            ; --                    ; --  ;
; SW7  ; Input    ; ON            ; ON            ; --                    ; --  ;
; SW6  ; Input    ; ON            ; ON            ; --                    ; --  ;
; SW5  ; Input    ; ON            ; ON            ; --                    ; --  ;
; SW8  ; Input    ; ON            ; ON            ; --                    ; --  ;
; SW10 ; Input    ; ON            ; ON            ; --                    ; --  ;
; SW11 ; Input    ; ON            ; ON            ; --                    ; --  ;
; SW9  ; Input    ; ON            ; ON            ; --                    ; --  ;
; SW12 ; Input    ; ON            ; ON            ; --                    ; --  ;
; SW15 ; Input    ; ON            ; ON            ; --                    ; --  ;
; SW14 ; Input    ; ON            ; ON            ; --                    ; --  ;
; SW13 ; Input    ; ON            ; ON            ; --                    ; --  ;
; SW16 ; Input    ; ON            ; ON            ; --                    ; --  ;
; SW2  ; Input    ; ON            ; ON            ; --                    ; --  ;
; SW3  ; Input    ; ON            ; ON            ; --                    ; --  ;
; SW1  ; Input    ; ON            ; ON            ; --                    ; --  ;
; SW4  ; Input    ; ON            ; ON            ; --                    ; --  ;
; osc  ; Input    ; OFF           ; OFF           ; --                    ; --  ;
+------+----------+---------------+---------------+-----------------------+-----+


+--------------------------------------------------------+
; Pad To Core Delay Chain Fanout                         ;
+--------------------------+-------------------+---------+
; Source Pin / Fanout      ; Pad To Core Index ; Setting ;
+--------------------------+-------------------+---------+
; SW19                     ;                   ;         ;
;      - 74153M:inst12|9~1 ; 1                 ; ON      ;
; SW18                     ;                   ;         ;
;      - 74153M:inst12|9~0 ; 0                 ; ON      ;
; SW17                     ;                   ;         ;
;      - 74153M:inst12|9~0 ; 1                 ; ON      ;
; SW20                     ;                   ;         ;
;      - 74153M:inst12|9~1 ; 0                 ; ON      ;
; SW7                      ;                   ;         ;
;      - 74153M:inst5|9~1  ; 1                 ; ON      ;
; SW6                      ;                   ;         ;
;      - 74153M:inst5|9~0  ; 0                 ; ON      ;
; SW5                      ;                   ;         ;
;      - 74153M:inst5|9~0  ; 0                 ; ON      ;
; SW8                      ;                   ;         ;
;      - 74153M:inst5|9~1  ; 1                 ; ON      ;
; SW10                     ;                   ;         ;
;      - 74153M:inst10|9~1 ; 1                 ; ON      ;
; SW11                     ;                   ;         ;
;      - 74153M:inst10|9~0 ; 0                 ; ON      ;
; SW9                      ;                   ;         ;
;      - 74153M:inst10|9~0 ; 0                 ; ON      ;
; SW12                     ;                   ;         ;
;      - 74153M:inst10|9~1 ; 0                 ; ON      ;
; SW15                     ;                   ;         ;
;      - 74153M:inst11|9~1 ; 1                 ; ON      ;
; SW14                     ;                   ;         ;
;      - 74153M:inst11|9~0 ; 1                 ; ON      ;
; SW13                     ;                   ;         ;
;      - 74153M:inst11|9~0 ; 0                 ; ON      ;
; SW16                     ;                   ;         ;
;      - 74153M:inst11|9~1 ; 0                 ; ON      ;
; SW2                      ;                   ;         ;
;      - 74153M:inst3|9~1  ; 1                 ; ON      ;
; SW3                      ;                   ;         ;
;      - 74153M:inst3|9~0  ; 1                 ; ON      ;
; SW1                      ;                   ;         ;
;      - 74153M:inst3|9~0  ; 1                 ; ON      ;
; SW4                      ;                   ;         ;
;      - 74153M:inst3|9~1  ; 0                 ; ON      ;
; osc                      ;                   ;         ;
+--------------------------+-------------------+---------+


+--------------------------------------------------------------------------------------------------------------+
; Control Signals                                                                                              ;
+--------------------------+--------------+---------+-------+--------+----------------------+------------------+
; Name                     ; Location     ; Fan-Out ; Usage ; Global ; Global Resource Used ; Global Line Name ;
+--------------------------+--------------+---------+-------+--------+----------------------+------------------+
; div8:inst4|7490:inst1|19 ; LC_X7_Y9_N2  ; 2       ; Clock ; no     ; --                   ; --               ;
; div8:inst4|7490:inst1|7  ; LC_X7_Y9_N8  ; 4       ; Clock ; yes    ; Global Clock         ; GCLK0            ;
; div8:inst4|7490:inst2|19 ; LC_X6_Y10_N2 ; 2       ; Clock ; no     ; --                   ; --               ;
; div8:inst4|7490:inst2|7  ; LC_X6_Y10_N5 ; 4       ; Clock ; yes    ; Global Clock         ; GCLK1            ;
; div8:inst4|7490:inst3|19 ; LC_X8_Y7_N0  ; 2       ; Clock ; no     ; --                   ; --               ;
; div8:inst4|7490:inst3|7  ; LC_X8_Y7_N6  ; 3       ; Clock ; yes    ; Global Clock         ; GCLK3            ;
; div8:inst4|7490:inst|19  ; LC_X26_Y6_N2 ; 2       ; Clock ; no     ; --                   ; --               ;
; div8:inst4|7490:inst|7   ; LC_X26_Y6_N0 ; 4       ; Clock ; yes    ; Global Clock         ; GCLK7            ;
; osc                      ; PIN_16       ; 3       ; Clock ; yes    ; Global Clock         ; GCLK2            ;
+--------------------------+--------------+---------+-------+--------+----------------------+------------------+


+--------------------------------------------------------------------------------------------+
; Global & Other Fast Signals                                                                ;
+-------------------------+--------------+---------+----------------------+------------------+
; Name                    ; Location     ; Fan-Out ; Global Resource Used ; Global Line Name ;
+-------------------------+--------------+---------+----------------------+------------------+
; div8:inst4|7490:inst1|7 ; LC_X7_Y9_N8  ; 4       ; Global Clock         ; GCLK0            ;
; div8:inst4|7490:inst2|7 ; LC_X6_Y10_N5 ; 4       ; Global Clock         ; GCLK1            ;
; div8:inst4|7490:inst3|7 ; LC_X8_Y7_N6  ; 3       ; Global Clock         ; GCLK3            ;
; div8:inst4|7490:inst|7  ; LC_X26_Y6_N0 ; 4       ; Global Clock         ; GCLK7            ;
; osc                     ; PIN_16       ; 3       ; Global Clock         ; GCLK2            ;
+-------------------------+--------------+---------+----------------------+------------------+


+--------------------------------------+
; Non-Global High Fan-Out Signals      ;
+----------------------------+---------+
; Name                       ; Fan-Out ;
+----------------------------+---------+
; 74161:inst14|f74161:sub|87 ; 10      ;
; 74161:inst14|f74161:sub|9  ; 9       ;
; 74153M:inst3|9~1           ; 7       ;
; 74153M:inst11|9~1          ; 7       ;
; 74153M:inst10|9~1          ; 7       ;
; 74153M:inst5|9~1           ; 7       ;
; div8:inst4|7490:inst|11    ; 3       ;
; div8:inst4|7490:inst1|11   ; 3       ;
; div8:inst4|7490:inst2|11   ; 3       ;
; div8:inst4|7490:inst3|11   ; 3       ;
; div8:inst4|7490:inst|14    ; 2       ;
; div8:inst4|7490:inst|19    ; 2       ;
; div8:inst4|7490:inst1|14   ; 2       ;
; div8:inst4|7490:inst1|19   ; 2       ;
; div8:inst4|7490:inst2|14   ; 2       ;
; div8:inst4|7490:inst2|19   ; 2       ;
; div8:inst4|7490:inst3|14   ; 2       ;
; div8:inst4|7490:inst3|19   ; 2       ;
; SW4                        ; 1       ;
; SW1                        ; 1       ;
; SW3                        ; 1       ;
; SW2                        ; 1       ;
; SW16                       ; 1       ;
; SW13                       ; 1       ;
; SW14                       ; 1       ;
; SW15                       ; 1       ;
; SW12                       ; 1       ;
; SW9                        ; 1       ;
; SW11                       ; 1       ;
; SW10                       ; 1       ;
; SW8                        ; 1       ;
; SW5                        ; 1       ;
; SW6                        ; 1       ;
; SW7                        ; 1       ;
; SW20                       ; 1       ;
; SW17                       ; 1       ;
; SW18                       ; 1       ;
; SW19                       ; 1       ;
; 7seg:inst|g                ; 1       ;
; 7seg:inst|f                ; 1       ;
; 7seg:inst|d                ; 1       ;
; 7seg:inst|e                ; 1       ;
; 7seg:inst|c~3              ; 1       ;
; 7seg:inst|b~7              ; 1       ;
; 7seg:inst|a                ; 1       ;
; 74153M:inst3|9~0           ; 1       ;
; 74153M:inst11|9~0          ; 1       ;
; 74153M:inst10|9~0          ; 1       ;
; 74153M:inst5|9~0           ; 1       ;
; 74153M:inst12|9~1          ; 1       ;
+----------------------------+---------+


+----------------------------------------------------+
; Interconnect Usage Summary                         ;
+----------------------------+-----------------------+
; Interconnect Resource Type ; Usage                 ;
+----------------------------+-----------------------+
; C4s                        ; 29 / 8,840 ( < 1 % )  ;
; Direct links               ; 3 / 11,506 ( < 1 % )  ;
; Global clocks              ; 5 / 8 ( 63 % )        ;
; LAB clocks                 ; 5 / 156 ( 3 % )       ;
; LUT chains                 ; 0 / 2,619 ( 0 % )     ;
; Local interconnects        ; 43 / 11,506 ( < 1 % ) ;
; M4K buffers                ; 0 / 468 ( 0 % )       ;
; R4s                        ; 80 / 7,520 ( 1 % )    ;
+----------------------------+-----------------------+


+--------------------------------------------------------------------------+
; LAB Logic Elements                                                       ;
+--------------------------------------------+-----------------------------+
; Number of Logic Elements  (Average = 5.00) ; Number of LABs  (Total = 7) ;
+--------------------------------------------+-----------------------------+
; 1                                          ; 1                           ;
; 2                                          ; 0                           ;
; 3                                          ; 0                           ;
; 4                                          ; 4                           ;
; 5                                          ; 0                           ;
; 6                                          ; 0                           ;
; 7                                          ; 0                           ;
; 8                                          ; 1                           ;
; 9                                          ; 0                           ;
; 10                                         ; 1                           ;
+--------------------------------------------+-----------------------------+


+------------------------------------------------------------------+
; LAB-wide Signals                                                 ;
+------------------------------------+-----------------------------+
; LAB-wide Signals  (Average = 0.71) ; Number of LABs  (Total = 7) ;
+------------------------------------+-----------------------------+
; 1 Clock                            ; 5                           ;
+------------------------------------+-----------------------------+


+---------------------------------------------------------------------------+
; LAB Signals Sourced                                                       ;
+---------------------------------------------+-----------------------------+
; Number of Signals Sourced  (Average = 5.00) ; Number of LABs  (Total = 7) ;
+---------------------------------------------+-----------------------------+
; 0                                           ; 0                           ;
; 1                                           ; 1                           ;
; 2                                           ; 0                           ;
; 3                                           ; 0                           ;
; 4                                           ; 4                           ;
; 5                                           ; 0                           ;
; 6                                           ; 0                           ;
; 7                                           ; 0                           ;
; 8                                           ; 1                           ;
; 9                                           ; 0                           ;
; 10                                          ; 1                           ;
+---------------------------------------------+-----------------------------+


+-------------------------------------------------------------------------------+
; LAB Signals Sourced Out                                                       ;
+-------------------------------------------------+-----------------------------+
; Number of Signals Sourced Out  (Average = 2.71) ; Number of LABs  (Total = 7) ;
+-------------------------------------------------+-----------------------------+
; 0                                               ; 0                           ;
; 1                                               ; 5                           ;
; 2                                               ; 0                           ;
; 3                                               ; 0                           ;
; 4                                               ; 0                           ;
; 5                                               ; 0                           ;
; 6                                               ; 0                           ;
; 7                                               ; 2                           ;
+-------------------------------------------------+-----------------------------+


+---------------------------------------------------------------------------+
; LAB Distinct Inputs                                                       ;
+---------------------------------------------+-----------------------------+
; Number of Distinct Inputs  (Average = 4.57) ; Number of LABs  (Total = 7) ;
+---------------------------------------------+-----------------------------+
; 0                                           ; 0                           ;
; 1                                           ; 4                           ;
; 2                                           ; 0                           ;
; 3                                           ; 0                           ;
; 4                                           ; 1                           ;
; 5                                           ; 0                           ;
; 6                                           ; 0                           ;
; 7                                           ; 1                           ;
; 8                                           ; 0                           ;
; 9                                           ; 0                           ;
; 10                                          ; 0                           ;
; 11                                          ; 0                           ;
; 12                                          ; 0                           ;
; 13                                          ; 0                           ;
; 14                                          ; 0                           ;
; 15                                          ; 0                           ;
; 16                                          ; 0                           ;
; 17                                          ; 1                           ;
+---------------------------------------------+-----------------------------+


+-------------------------------------------------------------------------+
; Fitter Device Options                                                   ;
+----------------------------------------------+--------------------------+
; Option                                       ; Setting                  ;
+----------------------------------------------+--------------------------+
; Enable user-supplied start-up clock (CLKUSR) ; Off                      ;
; Enable device-wide reset (DEV_CLRn)          ; Off                      ;
; Enable device-wide output enable (DEV_OE)    ; Off                      ;
; Enable INIT_DONE output                      ; Off                      ;
; Configuration scheme                         ; Active Serial            ;
; Error detection CRC                          ; Off                      ;
; ASDO,nCSO                                    ; As input tri-stated      ;
; Reserve all unused pins                      ; As output driving ground ;
; Base pin-out file on sameframe device        ; Off                      ;
+----------------------------------------------+--------------------------+


+------------------------------------------------------------+
; Estimated Delay Added for Hold Timing                      ;
+-----------------+----------------------+-------------------+
; Source Clock(s) ; Destination Clock(s) ; Delay Added in ns ;
+-----------------+----------------------+-------------------+


+-----------------+
; Fitter Messages ;
+-----------------+
Info: *******************************************************************
Info: Running Quartus II Fitter
    Info: Version 9.0 Build 132 02/25/2009 SJ Web Edition
    Info: Processing started: Sun Jul 04 14:47:20 2021
Info: Command: quartus_fit --read_settings_files=off --write_settings_files=off plj -c plj
Info: Selected device EP1C3T144C8 for design "plj"
Info: Fitter is performing an Auto Fit compilation, which may decrease Fitter effort to reduce compilation time
Warning: Feature LogicLock is not available with your current license
Info: Device migration not selected. If you intend to use device migration later, you may need to change the pin assignments as they may be incompatible with other devices
    Info: Device EP1C3T144A8 is compatible
    Info: Device EP1C6T144C8 is compatible
Info: Fitter converted 2 user pins into dedicated programming pins
    Info: Pin ~nCSO~ is reserved at location 12
    Info: Pin ~ASDO~ is reserved at location 25
Info: Fitter is using the Classic Timing Analyzer
Info: Timing requirements not specified -- quality metrics such as performance and power consumption may be sacrificed to reduce compilation time.
Extra Info: Performing register packing on registers with non-logic cell location assignments
Extra Info: Completed register packing on registers with non-logic cell location assignments
Info: Completed User Assigned Global Signals Promotion Operation
Info: DQS I/O pins require 0 global routing resources
Info: Automatically promoted signal "osc" to use Global clock in PIN 16
Info: Automatically promoted some destinations of signal "div8:inst4|7490:inst1|7" to use Global clock
    Info: Destination "div8:inst4|7490:inst1|7" may be non-global or may not use global clock
Info: Automatically promoted some destinations of signal "div8:inst4|7490:inst2|7" to use Global clock
    Info: Destination "div8:inst4|7490:inst2|7" may be non-global or may not use global clock
Info: Automatically promoted some destinations of signal "div8:inst4|7490:inst|7" to use Global clock
    Info: Destination "div8:inst4|7490:inst|7" may be non-global or may not use global clock
Info: Automatically promoted some destinations of signal "div8:inst4|7490:inst3|7" to use Global clock
    Info: Destination "div8:inst4|7490:inst3|7" may be non-global or may not use global clock
Info: Completed Auto Global Promotion Operation
Info: Starting register packing
Extra Info: Started Fast Input/Output/OE register processing
Extra Info: Finished Fast Input/Output/OE register processing
Info: Fitter is using Normal packing mode for logic elements with Auto setting for Auto Packed Registers logic option
Extra Info: Moving registers into I/O cells, LUTs, and RAM blocks to improve timing and density
Info: Finished moving registers into I/O cells, LUTs, and RAM blocks
Info: Finished register packing
Warning: Ignored locations or region assignments to the following nodes
    Warning: Node "ACOM" is assigned to location or region, but does not exist in design
    Warning: Node "L1" is assigned to location or region, but does not exist in design
Info: Fitter preparation operations ending: elapsed time is 00:00:00
Info: Fitter placement preparation operations beginning
Info: Fitter placement preparation operations ending: elapsed time is 00:00:00
Info: Fitter placement operations beginning
Info: Fitter placement was successful
Info: Fitter placement operations ending: elapsed time is 00:00:00
Info: Slack time is -1.084 ns between source register "74161:inst14|f74161:sub|9" and destination register "74161:inst14|f74161:sub|87"
    Info: + Largest register to register requirement is 0.739 ns
    Info:   Shortest clock path from clock "osc" to destination register is 27.718 ns
        Info: 1: + IC(0.000 ns) + CELL(1.469 ns) = 1.469 ns; Loc. = Unassigned; Fanout = 3; CLK Node = 'osc'
        Info: 2: + IC(0.573 ns) + CELL(0.935 ns) = 2.977 ns; Loc. = Unassigned; Fanout = 2; REG Node = 'div8:inst4|7490:inst|19'
        Info: 3: + IC(0.504 ns) + CELL(0.935 ns) = 4.416 ns; Loc. = Unassigned; Fanout = 4; REG Node = 'div8:inst4|7490:inst|7'
        Info: 4: + IC(3.629 ns) + CELL(0.935 ns) = 8.980 ns; Loc. = Unassigned; Fanout = 2; REG Node = 'div8:inst4|7490:inst1|19'
        Info: 5: + IC(0.504 ns) + CELL(0.935 ns) = 10.419 ns; Loc. = Unassigned; Fanout = 4; REG Node = 'div8:inst4|7490:inst1|7'
        Info: 6: + IC(3.955 ns) + CELL(0.935 ns) = 15.309 ns; Loc. = Unassigned; Fanout = 2; REG Node = 'div8:inst4|7490:inst2|19'
        Info: 7: + IC(0.504 ns) + CELL(0.935 ns) = 16.748 ns; Loc. = Unassigned; Fanout = 4; REG Node = 'div8:inst4|7490:inst2|7'
        Info: 8: + IC(3.960 ns) + CELL(0.935 ns) = 21.643 ns; Loc. = Unassigned; Fanout = 2; REG Node = 'div8:inst4|7490:inst3|19'
        Info: 9: + IC(0.504 ns) + CELL(0.935 ns) = 23.082 ns; Loc. = Unassigned; Fanout = 3; REG Node = 'div8:inst4|7490:inst3|7'
        Info: 10: + IC(3.925 ns) + CELL(0.711 ns) = 27.718 ns; Loc. = Unassigned; Fanout = 10; REG Node = '74161:inst14|f74161:sub|87'
        Info: Total cell delay = 9.660 ns ( 34.85 % )
        Info: Total interconnect delay = 18.058 ns ( 65.15 % )
    Info:   Longest clock path from clock "osc" to destination register is 27.718 ns
        Info: 1: + IC(0.000 ns) + CELL(1.469 ns) = 1.469 ns; Loc. = Unassigned; Fanout = 3; CLK Node = 'osc'
        Info: 2: + IC(0.573 ns) + CELL(0.935 ns) = 2.977 ns; Loc. = Unassigned; Fanout = 2; REG Node = 'div8:inst4|7490:inst|19'
        Info: 3: + IC(0.504 ns) + CELL(0.935 ns) = 4.416 ns; Loc. = Unassigned; Fanout = 4; REG Node = 'div8:inst4|7490:inst|7'
        Info: 4: + IC(3.629 ns) + CELL(0.935 ns) = 8.980 ns; Loc. = Unassigned; Fanout = 2; REG Node = 'div8:inst4|7490:inst1|19'
        Info: 5: + IC(0.504 ns) + CELL(0.935 ns) = 10.419 ns; Loc. = Unassigned; Fanout = 4; REG Node = 'div8:inst4|7490:inst1|7'
        Info: 6: + IC(3.955 ns) + CELL(0.935 ns) = 15.309 ns; Loc. = Unassigned; Fanout = 2; REG Node = 'div8:inst4|7490:inst2|19'
        Info: 7: + IC(0.504 ns) + CELL(0.935 ns) = 16.748 ns; Loc. = Unassigned; Fanout = 4; REG Node = 'div8:inst4|7490:inst2|7'
        Info: 8: + IC(3.960 ns) + CELL(0.935 ns) = 21.643 ns; Loc. = Unassigned; Fanout = 2; REG Node = 'div8:inst4|7490:inst3|19'
        Info: 9: + IC(0.504 ns) + CELL(0.935 ns) = 23.082 ns; Loc. = Unassigned; Fanout = 3; REG Node = 'div8:inst4|7490:inst3|7'
        Info: 10: + IC(3.925 ns) + CELL(0.711 ns) = 27.718 ns; Loc. = Unassigned; Fanout = 10; REG Node = '74161:inst14|f74161:sub|87'
        Info: Total cell delay = 9.660 ns ( 34.85 % )
        Info: Total interconnect delay = 18.058 ns ( 65.15 % )
    Info:   Shortest clock path from clock "osc" to source register is 27.718 ns
        Info: 1: + IC(0.000 ns) + CELL(1.469 ns) = 1.469 ns; Loc. = Unassigned; Fanout = 3; CLK Node = 'osc'
        Info: 2: + IC(0.573 ns) + CELL(0.935 ns) = 2.977 ns; Loc. = Unassigned; Fanout = 2; REG Node = 'div8:inst4|7490:inst|19'
        Info: 3: + IC(0.504 ns) + CELL(0.935 ns) = 4.416 ns; Loc. = Unassigned; Fanout = 4; REG Node = 'div8:inst4|7490:inst|7'
        Info: 4: + IC(3.629 ns) + CELL(0.935 ns) = 8.980 ns; Loc. = Unassigned; Fanout = 2; REG Node = 'div8:inst4|7490:inst1|19'
        Info: 5: + IC(0.504 ns) + CELL(0.935 ns) = 10.419 ns; Loc. = Unassigned; Fanout = 4; REG Node = 'div8:inst4|7490:inst1|7'
        Info: 6: + IC(3.955 ns) + CELL(0.935 ns) = 15.309 ns; Loc. = Unassigned; Fanout = 2; REG Node = 'div8:inst4|7490:inst2|19'
        Info: 7: + IC(0.504 ns) + CELL(0.935 ns) = 16.748 ns; Loc. = Unassigned; Fanout = 4; REG Node = 'div8:inst4|7490:inst2|7'
        Info: 8: + IC(3.960 ns) + CELL(0.935 ns) = 21.643 ns; Loc. = Unassigned; Fanout = 2; REG Node = 'div8:inst4|7490:inst3|19'
        Info: 9: + IC(0.504 ns) + CELL(0.935 ns) = 23.082 ns; Loc. = Unassigned; Fanout = 3; REG Node = 'div8:inst4|7490:inst3|7'
        Info: 10: + IC(3.925 ns) + CELL(0.711 ns) = 27.718 ns; Loc. = Unassigned; Fanout = 11; REG Node = '74161:inst14|f74161:sub|9'
        Info: Total cell delay = 9.660 ns ( 34.85 % )
        Info: Total interconnect delay = 18.058 ns ( 65.15 % )
    Info:   Longest clock path from clock "osc" to source register is 27.718 ns
        Info: 1: + IC(0.000 ns) + CELL(1.469 ns) = 1.469 ns; Loc. = Unassigned; Fanout = 3; CLK Node = 'osc'
        Info: 2: + IC(0.573 ns) + CELL(0.935 ns) = 2.977 ns; Loc. = Unassigned; Fanout = 2; REG Node = 'div8:inst4|7490:inst|19'
        Info: 3: + IC(0.504 ns) + CELL(0.935 ns) = 4.416 ns; Loc. = Unassigned; Fanout = 4; REG Node = 'div8:inst4|7490:inst|7'
        Info: 4: + IC(3.629 ns) + CELL(0.935 ns) = 8.980 ns; Loc. = Unassigned; Fanout = 2; REG Node = 'div8:inst4|7490:inst1|19'
        Info: 5: + IC(0.504 ns) + CELL(0.935 ns) = 10.419 ns; Loc. = Unassigned; Fanout = 4; REG Node = 'div8:inst4|7490:inst1|7'
        Info: 6: + IC(3.955 ns) + CELL(0.935 ns) = 15.309 ns; Loc. = Unassigned; Fanout = 2; REG Node = 'div8:inst4|7490:inst2|19'
        Info: 7: + IC(0.504 ns) + CELL(0.935 ns) = 16.748 ns; Loc. = Unassigned; Fanout = 4; REG Node = 'div8:inst4|7490:inst2|7'
        Info: 8: + IC(3.960 ns) + CELL(0.935 ns) = 21.643 ns; Loc. = Unassigned; Fanout = 2; REG Node = 'div8:inst4|7490:inst3|19'
        Info: 9: + IC(0.504 ns) + CELL(0.935 ns) = 23.082 ns; Loc. = Unassigned; Fanout = 3; REG Node = 'div8:inst4|7490:inst3|7'
        Info: 10: + IC(3.925 ns) + CELL(0.711 ns) = 27.718 ns; Loc. = Unassigned; Fanout = 11; REG Node = '74161:inst14|f74161:sub|9'
        Info: Total cell delay = 9.660 ns ( 34.85 % )
        Info: Total interconnect delay = 18.058 ns ( 65.15 % )
    Info:   Micro clock to output delay of source is 0.224 ns
    Info:   Micro setup delay of destination is 0.037 ns
    Info: - Longest register to register delay is 1.823 ns
        Info: 1: + IC(0.000 ns) + CELL(0.000 ns) = 0.000 ns; Loc. = Unassigned; Fanout = 11; REG Node = '74161:inst14|f74161:sub|9'
        Info: 2: + IC(0.461 ns) + CELL(0.575 ns) = 1.036 ns; Loc. = Unassigned; Fanout = 1; COMB Node = '74161:inst14|f74161:sub|81~COUT1_5'
        Info: 3: + IC(0.000 ns) + CELL(0.787 ns) = 1.823 ns; Loc. = Unassigned; Fanout = 10; REG Node = '74161:inst14|f74161:sub|87'
        Info: Total cell delay = 1.362 ns ( 74.71 % )
        Info: Total interconnect delay = 0.461 ns ( 25.29 % )
Info: Estimated most critical path is register to register delay of 1.823 ns
    Info: 1: + IC(0.000 ns) + CELL(0.000 ns) = 0.000 ns; Loc. = LAB_X16_Y1; Fanout = 11; REG Node = '74161:inst14|f74161:sub|9'
    Info: 2: + IC(0.461 ns) + CELL(0.575 ns) = 1.036 ns; Loc. = LAB_X16_Y1; Fanout = 1; COMB Node = '74161:inst14|f74161:sub|81~COUT1_5'
    Info: 3: + IC(0.000 ns) + CELL(0.787 ns) = 1.823 ns; Loc. = LAB_X16_Y1; Fanout = 10; REG Node = '74161:inst14|f74161:sub|87'
    Info: Total cell delay = 1.362 ns ( 74.71 % )
    Info: Total interconnect delay = 0.461 ns ( 25.29 % )
Info: Fitter routing operations beginning
Info: Average interconnect usage is 0% of the available device resources
    Info: Peak interconnect usage is 0% of the available device resources in the region that extends from location X14_Y0 to location X27_Y14
Info: Fitter routing operations ending: elapsed time is 00:00:00
Info: The Fitter performed an Auto Fit compilation.  Optimizations were skipped to reduce compilation time.
    Info: Optimizations that may affect the design's routability were skipped
    Info: Optimizations that may affect the design's timing were skipped
Info: Completed Fixed Delay Chain Operation
Info: Started post-fitting delay annotation
Info: Delay annotation completed successfully
Info: Completed Auto Delay Chain Operation
Warning: Following 1 pins have nothing, GND, or VCC driving datain port -- changes to this connectivity may change fitting results
    Info: Pin DE3 has GND driving its datain port
Warning: The Reserve All Unused Pins setting has not been specified, and will default to 'As output driving ground'.
Info: Quartus II Fitter was successful. 0 errors, 6 warnings
    Info: Peak virtual memory: 185 megabytes
    Info: Processing ended: Sun Jul 04 14:47:21 2021
    Info: Elapsed time: 00:00:01
    Info: Total CPU time (on all processors): 00:00:01


